<?xml version="1.0" encoding="UTF-8" ?>
<testsuite tests="1" failures="1" name="TestSuite" time="16.078" errors="0" skipped="0">
  <properties>
[...]
</properties>
  <testcase classname="testcase.TestSuite" name="test_case01_populate_cart" time="16.078">
    <failure message="Expected condition failed: waiting for visibility of [[ChromeDriver: chrome on XP (97af3d72ad30e09d06887498789ea49e)] -&gt; css selector: li:nth-of-type(2) .right-block [rel] span] (tried for 10 second(s) with 500 milliseconds interval)
Build info: version: &apos;3.141.59&apos;, revision: &apos;e82be7d358&apos;, time: &apos;2018-11-14T08:17:03&apos;
System info: host: &apos;DESKTOP-IFJ005H&apos;, ip: &apos;192.168.1.202&apos;, os.name: &apos;Windows 10&apos;, os.arch: &apos;amd64&apos;, os.version: &apos;10.0&apos;, java.version: &apos;1.8.0_211&apos;
Driver info: org.openqa.selenium.chrome.ChromeDriver
Capabilities {acceptInsecureCerts: false, browserName: chrome, browserVersion: 78.0.3904.70, chrome: {chromedriverVersion: 78.0.3904.70 (edb9c9f3de024..., userDataDir: C:\Users\aegis\AppData\Loca...}, goog:chromeOptions: {debuggerAddress: localhost:53194}, javascriptEnabled: true, networkConnectionEnabled: false, pageLoadStrategy: normal, platform: XP, platformName: XP, proxy: Proxy(), setWindowRect: true, strictFileInteractability: false, timeouts: {implicit: 0, pageLoad: 300000, script: 30000}, unhandledPromptBehavior: dismiss and notify}
Session ID: 97af3d72ad30e09d06887498789ea49e" type="org.openqa.selenium.TimeoutException">org.openqa.selenium.TimeoutException: Expected condition failed: waiting for visibility of [[ChromeDriver: chrome on XP (97af3d72ad30e09d06887498789ea49e)] -&gt; css selector: li:nth-of-type(2) .right-block [rel] span] (tried for 10 second(s) with 500 milliseconds interval)
Build info: version: &apos;3.141.59&apos;, revision: &apos;e82be7d358&apos;, time: &apos;2018-11-14T08:17:03&apos;
System info: host: &apos;DESKTOP-IFJ005H&apos;, ip: &apos;192.168.1.202&apos;, os.name: &apos;Windows 10&apos;, os.arch: &apos;amd64&apos;, os.version: &apos;10.0&apos;, java.version: &apos;1.8.0_211&apos;
Driver info: org.openqa.selenium.chrome.ChromeDriver
Capabilities {acceptInsecureCerts: false, browserName: chrome, browserVersion: 78.0.3904.70, chrome: {chromedriverVersion: 78.0.3904.70 (edb9c9f3de024..., userDataDir: C:\Users\aegis\AppData\Loca...}, goog:chromeOptions: {debuggerAddress: localhost:53194}, javascriptEnabled: true, networkConnectionEnabled: false, pageLoadStrategy: normal, platform: XP, platformName: XP, proxy: Proxy(), setWindowRect: true, strictFileInteractability: false, timeouts: {implicit: 0, pageLoad: 300000, script: 30000}, unhandledPromptBehavior: dismiss and notify}
Session ID: 97af3d72ad30e09d06887498789ea49e
	at org.openqa.selenium.support.ui.WebDriverWait.timeoutException(WebDriverWait.java:95)
	at org.openqa.selenium.support.ui.FluentWait.until(FluentWait.java:272)
	at pagefactory.DressesCategoryPage.selectDressToCart(DressesCategoryPage.java:62)
	at pagefactory.DressesCategoryPage.addDress04ToCart(DressesCategoryPage.java:75)
	at testcase.TestSuite.test_case01_populate_cart(TestSuite.java:22)
</failure>
    <system-out>AT THE BEFORE METHOD
CHOSEN:  CHROME
AT THE END OF SETUP
</system-out>
    <system-err>SLF4J: Failed to load class &quot;org.slf4j.impl.StaticLoggerBinder&quot;.
SLF4J: Defaulting to no-operation (NOP) logger implementation
SLF4J: See http://www.slf4j.org/codes.html#StaticLoggerBinder for further details.
Starting ChromeDriver 78.0.3904.70 (edb9c9f3de0247fd912a77b7f6cae7447f6d3ad5-refs/branch-heads/3904@{#800}) on port 9392
Only local connections are allowed.
Please protect ports used by ChromeDriver and related test frameworks to prevent access by malicious code.
[1572579431.819][WARNING]: Timed out connecting to Chrome, retrying...
Oct 31, 2019 11:37:13 PM org.openqa.selenium.remote.ProtocolHandshake createSession
INFO: Detected dialect: W3C
[1572579435.974][WARNING]: Timed out connecting to Chrome, retrying...
</system-err>
  </testcase>
</testsuite>